<?xml version="1.0" encoding="UTF-8"?>
<!-- Generated by org.testng.reporters.JUnitReportReporter -->
<testsuite hostname="DESKTOP-OQVSJB4" failures="0" tests="3" name="practice.TestsCases.SubmitOrderTest" time="31.157" errors="0" timestamp="31 Jan 2023 04:32:03 GMT" skipped="0">
  <testcase classname="practice.TestsCases.SubmitOrderTest" name="OrderHistoryTest" time="10.559"/>
  <testcase classname="practice.TestsCases.SubmitOrderTest" name="submitOrder" time="11.260"/>
  <testcase classname="practice.TestsCases.SubmitOrderTest" name="submitOrder" time="9.338"/>
</testsuite> <!-- practice.TestsCases.SubmitOrderTest -->
