<?xml version="1.0" encoding="UTF-8"?>
<!-- Generated by org.testng.reporters.JUnitReportReporter -->
<testsuite hostname="DESKTOP-OQVSJB4" failures="0" tests="2" name="practice.TestsCases.ErrorValidation" time="20.059" errors="0" timestamp="31 Jan 2023 04:32:03 GMT" skipped="0">
  <testcase classname="practice.TestsCases.ErrorValidation" name="LoginErrorValidation" time="9.962"/>
  <testcase classname="practice.TestsCases.ErrorValidation" name="ProductErrorValidation" time="10.097"/>
</testsuite> <!-- practice.TestsCases.ErrorValidation -->
