<?xml version="1.0" encoding="UTF-8"?>
<!-- Generated by org.testng.reporters.JUnitReportReporter -->
<testsuite hostname="DESKTOP-OQVSJB4" failures="0" tests="2" name="practice.TestsCases.ErrorValidation" time="14.648" errors="0" timestamp="01 Feb 2023 02:21:23 GMT" skipped="0">
  <testcase classname="practice.TestsCases.ErrorValidation" name="ProductErrorValidation" time="7.915"/>
  <testcase classname="practice.TestsCases.ErrorValidation" name="LoginErrorValidation" time="6.733"/>
</testsuite> <!-- practice.TestsCases.ErrorValidation -->
