<?xml version="1.0" encoding="UTF-8"?>
<!-- Generated by org.testng.reporters.JUnitReportReporter -->
<testsuite hostname="DESKTOP-OQVSJB4" failures="0" tests="3" name="practice.TestsCases.SubmitOrderTest" time="21.679" errors="0" timestamp="01 Feb 2023 02:21:23 GMT" skipped="0">
  <testcase classname="practice.TestsCases.SubmitOrderTest" name="submitOrder" time="8.647"/>
  <testcase classname="practice.TestsCases.SubmitOrderTest" name="submitOrder" time="8.191"/>
  <testcase classname="practice.TestsCases.SubmitOrderTest" name="OrderHistoryTest" time="4.841"/>
</testsuite> <!-- practice.TestsCases.SubmitOrderTest -->
